2024-02-07T15:07:43.357+05:30  INFO 17484 --- [main] c.a.s.SpringSecurityApplication          : Starting SpringSecurityApplication using Java 17.0.3 with PID 17484 (D:\MICROSERVICE_Project\spring-security\target\classes started by Murtaza in D:\MICROSERVICE_Project\spring-security)
2024-02-07T15:07:43.360+05:30  INFO 17484 --- [main] c.a.s.SpringSecurityApplication          : No active profile set, falling back to 1 default profile: "default"
2024-02-07T15:07:44.077+05:30  INFO 17484 --- [main] .s.d.r.c.RepositoryConfigurationDelegate : Bootstrapping Spring Data JPA repositories in DEFAULT mode.
2024-02-07T15:07:44.144+05:30  INFO 17484 --- [main] .s.d.r.c.RepositoryConfigurationDelegate : Finished Spring Data repository scanning in 60 ms. Found 2 JPA repository interfaces.
2024-02-07T15:07:44.734+05:30  INFO 17484 --- [main] o.s.b.w.embedded.tomcat.TomcatWebServer  : Tomcat initialized with port(s): 8080 (http)
2024-02-07T15:07:44.747+05:30  INFO 17484 --- [main] o.apache.catalina.core.StandardService   : Starting service [Tomcat]
2024-02-07T15:07:44.747+05:30  INFO 17484 --- [main] o.apache.catalina.core.StandardEngine    : Starting Servlet engine: [Apache Tomcat/10.1.18]
2024-02-07T15:07:44.853+05:30  INFO 17484 --- [main] o.a.c.c.C.[Tomcat].[localhost].[/]       : Initializing Spring embedded WebApplicationContext
2024-02-07T15:07:44.853+05:30  INFO 17484 --- [main] w.s.c.ServletWebServerApplicationContext : Root WebApplicationContext: initialization completed in 1437 ms
2024-02-07T15:07:45.010+05:30  INFO 17484 --- [main] o.hibernate.jpa.internal.util.LogHelper  : HHH000204: Processing PersistenceUnitInfo [name: default]
2024-02-07T15:07:45.061+05:30  INFO 17484 --- [main] org.hibernate.Version                    : HHH000412: Hibernate ORM core version 6.2.20.Final
2024-02-07T15:07:45.063+05:30  INFO 17484 --- [main] org.hibernate.cfg.Environment            : HHH000406: Using bytecode reflection optimizer
2024-02-07T15:07:45.323+05:30  INFO 17484 --- [main] o.s.o.j.p.SpringPersistenceUnitInfo      : No LoadTimeWeaver setup: ignoring JPA class transformer
2024-02-07T15:07:45.346+05:30  INFO 17484 --- [main] com.zaxxer.hikari.HikariDataSource       : HikariPool-1 - Starting...
2024-02-07T15:07:45.729+05:30  INFO 17484 --- [main] com.zaxxer.hikari.pool.HikariPool        : HikariPool-1 - Added connection com.mysql.cj.jdbc.ConnectionImpl@6654ca0d
2024-02-07T15:07:45.734+05:30  INFO 17484 --- [main] com.zaxxer.hikari.HikariDataSource       : HikariPool-1 - Start completed.
2024-02-07T15:07:46.724+05:30  INFO 17484 --- [main] o.h.e.t.j.p.i.JtaPlatformInitiator       : HHH000489: No JTA platform available (set 'hibernate.transaction.jta.platform' to enable JTA platform integration)
2024-02-07T15:07:46.863+05:30  INFO 17484 --- [main] j.LocalContainerEntityManagerFactoryBean : Initialized JPA EntityManagerFactory for persistence unit 'default'
2024-02-07T15:07:47.398+05:30  WARN 17484 --- [main] JpaBaseConfiguration$JpaWebConfiguration : spring.jpa.open-in-view is enabled by default. Therefore, database queries may be performed during view rendering. Explicitly configure spring.jpa.open-in-view to disable this warning
2024-02-07T15:07:47.420+05:30  WARN 17484 --- [main] .s.s.UserDetailsServiceAutoConfiguration : 

Using generated security password: c506b279-aa2e-4758-81f5-32c615b7c082

This generated password is for development use only. Your security configuration must be updated before running your application in production.

2024-02-07T15:07:47.689+05:30  INFO 17484 --- [main] o.s.s.web.DefaultSecurityFilterChain     : Will secure any request with [org.springframework.security.web.session.DisableEncodeUrlFilter@2bb118ae, org.springframework.security.web.context.request.async.WebAsyncManagerIntegrationFilter@5e3a5f0c, org.springframework.security.web.context.SecurityContextHolderFilter@52e34db, org.springframework.security.web.header.HeaderWriterFilter@2703785e, org.springframework.security.web.authentication.logout.LogoutFilter@60655642, org.springframework.security.web.authentication.UsernamePasswordAuthenticationFilter@4917992b, org.springframework.security.web.authentication.ui.DefaultLoginPageGeneratingFilter@48861d1, org.springframework.security.web.authentication.ui.DefaultLogoutPageGeneratingFilter@5afaae7e, org.springframework.security.web.savedrequest.RequestCacheAwareFilter@554a2f3, org.springframework.security.web.servletapi.SecurityContextHolderAwareRequestFilter@3f7a7ce6, org.springframework.security.web.authentication.AnonymousAuthenticationFilter@7364073b, org.springframework.security.web.access.ExceptionTranslationFilter@3a5c6009, org.springframework.security.web.access.intercept.AuthorizationFilter@655b9169]
2024-02-07T15:07:47.939+05:30  INFO 17484 --- [main] o.s.b.w.embedded.tomcat.TomcatWebServer  : Tomcat started on port(s): 8080 (http) with context path ''
2024-02-07T15:07:47.948+05:30  INFO 17484 --- [main] c.a.s.SpringSecurityApplication          : Started SpringSecurityApplication in 5.142 seconds (process running for 6.109)
2024-02-07T15:08:43.581+05:30  INFO 17484 --- [http-nio-8080-exec-2] o.a.c.c.C.[Tomcat].[localhost].[/]       : Initializing Spring DispatcherServlet 'dispatcherServlet'
2024-02-07T15:08:43.581+05:30  INFO 17484 --- [http-nio-8080-exec-2] o.s.web.servlet.DispatcherServlet        : Initializing Servlet 'dispatcherServlet'
2024-02-07T15:08:43.583+05:30  INFO 17484 --- [http-nio-8080-exec-2] o.s.web.servlet.DispatcherServlet        : Completed initialization in 1 ms
2024-02-07T15:08:44.531+05:30  INFO 17484 --- [http-nio-8080-exec-2] e.l.UserRegistrationCompleteEventListner : Please click on link http://localhost:8080/v1/registrationVarify?token=babd7231-2029-438b-a5d0-1d631f6cef58
2024-02-07T15:11:36.214+05:30  INFO 17484 --- [http-nio-8080-exec-9] c.a.s.service.UserServiceImpl            : token expire 9507d063-4f5e-4087-9bc7-17f15016c132
2024-02-07T15:12:45.588+05:30  WARN 17484 --- [http-nio-8080-exec-4] o.a.c.util.SessionIdGeneratorBase        : Creation of SecureRandom instance for session ID generation using [SHA1PRNG] took [172] milliseconds.
2024-02-07T15:13:48.853+05:30  INFO 17484 --- [RMI TCP Connection(9)-127.0.0.1] inMXBeanRegistrar$SpringApplicationAdmin : Application shutdown requested.
2024-02-07T15:13:48.895+05:30  INFO 17484 --- [RMI TCP Connection(9)-127.0.0.1] o.apache.catalina.core.StandardService   : Stopping service [Tomcat]
2024-02-07T15:13:48.898+05:30  INFO 17484 --- [RMI TCP Connection(9)-127.0.0.1] o.a.c.c.C.[Tomcat].[localhost].[/]       : Destroying Spring FrameworkServlet 'dispatcherServlet'
2024-02-07T15:13:48.919+05:30  INFO 17484 --- [RMI TCP Connection(9)-127.0.0.1] j.LocalContainerEntityManagerFactoryBean : Closing JPA EntityManagerFactory for persistence unit 'default'
2024-02-07T15:13:48.925+05:30  INFO 17484 --- [RMI TCP Connection(9)-127.0.0.1] com.zaxxer.hikari.HikariDataSource       : HikariPool-1 - Shutdown initiated...
2024-02-07T15:13:48.952+05:30  INFO 17484 --- [RMI TCP Connection(9)-127.0.0.1] com.zaxxer.hikari.HikariDataSource       : HikariPool-1 - Shutdown completed.
2024-02-07T15:13:51.836+05:30  INFO 10388 --- [main] c.a.s.SpringSecurityApplication          : Starting SpringSecurityApplication using Java 17.0.3 with PID 10388 (D:\MICROSERVICE_Project\spring-security\target\classes started by Murtaza in D:\MICROSERVICE_Project\spring-security)
2024-02-07T15:13:51.839+05:30  INFO 10388 --- [main] c.a.s.SpringSecurityApplication          : No active profile set, falling back to 1 default profile: "default"
2024-02-07T15:13:52.478+05:30  INFO 10388 --- [main] .s.d.r.c.RepositoryConfigurationDelegate : Bootstrapping Spring Data JPA repositories in DEFAULT mode.
2024-02-07T15:13:52.549+05:30  INFO 10388 --- [main] .s.d.r.c.RepositoryConfigurationDelegate : Finished Spring Data repository scanning in 62 ms. Found 2 JPA repository interfaces.
2024-02-07T15:13:53.117+05:30  INFO 10388 --- [main] o.s.b.w.embedded.tomcat.TomcatWebServer  : Tomcat initialized with port(s): 8080 (http)
2024-02-07T15:13:53.129+05:30  INFO 10388 --- [main] o.apache.catalina.core.StandardService   : Starting service [Tomcat]
2024-02-07T15:13:53.130+05:30  INFO 10388 --- [main] o.apache.catalina.core.StandardEngine    : Starting Servlet engine: [Apache Tomcat/10.1.18]
2024-02-07T15:13:53.244+05:30  INFO 10388 --- [main] o.a.c.c.C.[Tomcat].[localhost].[/]       : Initializing Spring embedded WebApplicationContext
2024-02-07T15:13:53.244+05:30  INFO 10388 --- [main] w.s.c.ServletWebServerApplicationContext : Root WebApplicationContext: initialization completed in 1352 ms
2024-02-07T15:13:53.407+05:30  INFO 10388 --- [main] o.hibernate.jpa.internal.util.LogHelper  : HHH000204: Processing PersistenceUnitInfo [name: default]
2024-02-07T15:13:53.453+05:30  INFO 10388 --- [main] org.hibernate.Version                    : HHH000412: Hibernate ORM core version 6.2.20.Final
2024-02-07T15:13:53.456+05:30  INFO 10388 --- [main] org.hibernate.cfg.Environment            : HHH000406: Using bytecode reflection optimizer
2024-02-07T15:13:53.704+05:30  INFO 10388 --- [main] o.s.o.j.p.SpringPersistenceUnitInfo      : No LoadTimeWeaver setup: ignoring JPA class transformer
2024-02-07T15:13:53.729+05:30  INFO 10388 --- [main] com.zaxxer.hikari.HikariDataSource       : HikariPool-1 - Starting...
2024-02-07T15:13:54.052+05:30  INFO 10388 --- [main] com.zaxxer.hikari.pool.HikariPool        : HikariPool-1 - Added connection com.mysql.cj.jdbc.ConnectionImpl@48d5ca17
2024-02-07T15:13:54.054+05:30  INFO 10388 --- [main] com.zaxxer.hikari.HikariDataSource       : HikariPool-1 - Start completed.
2024-02-07T15:13:54.937+05:30  INFO 10388 --- [main] o.h.e.t.j.p.i.JtaPlatformInitiator       : HHH000489: No JTA platform available (set 'hibernate.transaction.jta.platform' to enable JTA platform integration)
2024-02-07T15:13:55.065+05:30  INFO 10388 --- [main] j.LocalContainerEntityManagerFactoryBean : Initialized JPA EntityManagerFactory for persistence unit 'default'
2024-02-07T15:13:55.474+05:30  WARN 10388 --- [main] JpaBaseConfiguration$JpaWebConfiguration : spring.jpa.open-in-view is enabled by default. Therefore, database queries may be performed during view rendering. Explicitly configure spring.jpa.open-in-view to disable this warning
2024-02-07T15:13:55.498+05:30  WARN 10388 --- [main] .s.s.UserDetailsServiceAutoConfiguration : 

Using generated security password: 3a298cef-b15a-4fbb-ae0e-839d34dff216

This generated password is for development use only. Your security configuration must be updated before running your application in production.

2024-02-07T15:13:55.792+05:30  INFO 10388 --- [main] o.s.s.web.DefaultSecurityFilterChain     : Will secure any request with [org.springframework.security.web.session.DisableEncodeUrlFilter@5bb45afc, org.springframework.security.web.context.request.async.WebAsyncManagerIntegrationFilter@2f0b5d79, org.springframework.security.web.context.SecurityContextHolderFilter@5bed8b91, org.springframework.security.web.header.HeaderWriterFilter@51c15508, org.springframework.security.web.authentication.logout.LogoutFilter@870413c, org.springframework.security.web.authentication.UsernamePasswordAuthenticationFilter@64710a6, org.springframework.security.web.authentication.ui.DefaultLoginPageGeneratingFilter@6dcdc378, org.springframework.security.web.authentication.ui.DefaultLogoutPageGeneratingFilter@1e186006, org.springframework.security.web.savedrequest.RequestCacheAwareFilter@738ae785, org.springframework.security.web.servletapi.SecurityContextHolderAwareRequestFilter@24ae2183, org.springframework.security.web.authentication.AnonymousAuthenticationFilter@761ea1f5, org.springframework.security.web.access.ExceptionTranslationFilter@230dd372, org.springframework.security.web.access.intercept.AuthorizationFilter@45f4c27c]
2024-02-07T15:13:55.993+05:30  INFO 10388 --- [main] o.s.b.w.embedded.tomcat.TomcatWebServer  : Tomcat started on port(s): 8080 (http) with context path ''
2024-02-07T15:13:56.000+05:30  INFO 10388 --- [main] c.a.s.SpringSecurityApplication          : Started SpringSecurityApplication in 4.724 seconds (process running for 5.527)
2024-02-07T15:14:27.720+05:30  INFO 10388 --- [http-nio-8080-exec-1] o.a.c.c.C.[Tomcat].[localhost].[/]       : Initializing Spring DispatcherServlet 'dispatcherServlet'
2024-02-07T15:14:27.720+05:30  INFO 10388 --- [http-nio-8080-exec-1] o.s.web.servlet.DispatcherServlet        : Initializing Servlet 'dispatcherServlet'
2024-02-07T15:14:27.720+05:30  INFO 10388 --- [http-nio-8080-exec-1] o.s.web.servlet.DispatcherServlet        : Completed initialization in 0 ms
2024-02-07T15:15:30.653+05:30  WARN 10388 --- [http-nio-8080-exec-6] .w.s.m.s.DefaultHandlerExceptionResolver : Resolved [org.springframework.web.bind.MissingPathVariableException: Required URI template variable 'token' for method parameter type String is not present]
2024-02-07T15:16:36.234+05:30  WARN 10388 --- [http-nio-8080-exec-6] .w.s.m.s.DefaultHandlerExceptionResolver : Resolved [org.springframework.web.bind.MissingPathVariableException: Required URI template variable 'token' for method parameter type String is not present]
2024-02-07T15:17:54.731+05:30  INFO 10388 --- [RMI TCP Connection(6)-127.0.0.1] inMXBeanRegistrar$SpringApplicationAdmin : Application shutdown requested.
2024-02-07T15:17:54.741+05:30  INFO 10388 --- [RMI TCP Connection(6)-127.0.0.1] o.apache.catalina.core.StandardService   : Stopping service [Tomcat]
2024-02-07T15:17:54.742+05:30  INFO 10388 --- [RMI TCP Connection(6)-127.0.0.1] o.a.c.c.C.[Tomcat].[localhost].[/]       : Destroying Spring FrameworkServlet 'dispatcherServlet'
2024-02-07T15:17:54.747+05:30  INFO 10388 --- [RMI TCP Connection(6)-127.0.0.1] j.LocalContainerEntityManagerFactoryBean : Closing JPA EntityManagerFactory for persistence unit 'default'
2024-02-07T15:17:54.748+05:30  INFO 10388 --- [RMI TCP Connection(6)-127.0.0.1] com.zaxxer.hikari.HikariDataSource       : HikariPool-1 - Shutdown initiated...
2024-02-07T15:17:54.755+05:30  INFO 10388 --- [RMI TCP Connection(6)-127.0.0.1] com.zaxxer.hikari.HikariDataSource       : HikariPool-1 - Shutdown completed.
2024-02-07T15:17:56.693+05:30  INFO 5480 --- [main] c.a.s.SpringSecurityApplication          : Starting SpringSecurityApplication using Java 17.0.3 with PID 5480 (D:\MICROSERVICE_Project\spring-security\target\classes started by Murtaza in D:\MICROSERVICE_Project\spring-security)
2024-02-07T15:17:56.695+05:30  INFO 5480 --- [main] c.a.s.SpringSecurityApplication          : No active profile set, falling back to 1 default profile: "default"
2024-02-07T15:17:57.114+05:30  INFO 5480 --- [main] .s.d.r.c.RepositoryConfigurationDelegate : Bootstrapping Spring Data JPA repositories in DEFAULT mode.
2024-02-07T15:17:57.154+05:30  INFO 5480 --- [main] .s.d.r.c.RepositoryConfigurationDelegate : Finished Spring Data repository scanning in 35 ms. Found 2 JPA repository interfaces.
2024-02-07T15:17:57.538+05:30  INFO 5480 --- [main] o.s.b.w.embedded.tomcat.TomcatWebServer  : Tomcat initialized with port(s): 8080 (http)
2024-02-07T15:17:57.546+05:30  INFO 5480 --- [main] o.apache.catalina.core.StandardService   : Starting service [Tomcat]
2024-02-07T15:17:57.546+05:30  INFO 5480 --- [main] o.apache.catalina.core.StandardEngine    : Starting Servlet engine: [Apache Tomcat/10.1.18]
2024-02-07T15:17:57.616+05:30  INFO 5480 --- [main] o.a.c.c.C.[Tomcat].[localhost].[/]       : Initializing Spring embedded WebApplicationContext
2024-02-07T15:17:57.617+05:30  INFO 5480 --- [main] w.s.c.ServletWebServerApplicationContext : Root WebApplicationContext: initialization completed in 887 ms
2024-02-07T15:17:57.731+05:30  INFO 5480 --- [main] o.hibernate.jpa.internal.util.LogHelper  : HHH000204: Processing PersistenceUnitInfo [name: default]
2024-02-07T15:17:57.768+05:30  INFO 5480 --- [main] org.hibernate.Version                    : HHH000412: Hibernate ORM core version 6.2.20.Final
2024-02-07T15:17:57.769+05:30  INFO 5480 --- [main] org.hibernate.cfg.Environment            : HHH000406: Using bytecode reflection optimizer
2024-02-07T15:17:57.941+05:30  INFO 5480 --- [main] o.s.o.j.p.SpringPersistenceUnitInfo      : No LoadTimeWeaver setup: ignoring JPA class transformer
2024-02-07T15:17:57.959+05:30  INFO 5480 --- [main] com.zaxxer.hikari.HikariDataSource       : HikariPool-1 - Starting...
2024-02-07T15:17:58.196+05:30  INFO 5480 --- [main] com.zaxxer.hikari.pool.HikariPool        : HikariPool-1 - Added connection com.mysql.cj.jdbc.ConnectionImpl@4ec8d9b2
2024-02-07T15:17:58.198+05:30  INFO 5480 --- [main] com.zaxxer.hikari.HikariDataSource       : HikariPool-1 - Start completed.
2024-02-07T15:17:58.838+05:30  INFO 5480 --- [main] o.h.e.t.j.p.i.JtaPlatformInitiator       : HHH000489: No JTA platform available (set 'hibernate.transaction.jta.platform' to enable JTA platform integration)
2024-02-07T15:17:58.891+05:30  INFO 5480 --- [main] j.LocalContainerEntityManagerFactoryBean : Initialized JPA EntityManagerFactory for persistence unit 'default'
2024-02-07T15:17:59.152+05:30  WARN 5480 --- [main] JpaBaseConfiguration$JpaWebConfiguration : spring.jpa.open-in-view is enabled by default. Therefore, database queries may be performed during view rendering. Explicitly configure spring.jpa.open-in-view to disable this warning
2024-02-07T15:17:59.170+05:30  WARN 5480 --- [main] .s.s.UserDetailsServiceAutoConfiguration : 

Using generated security password: 65aaeba0-5a2e-4a8e-9131-a7ef6b57850b

This generated password is for development use only. Your security configuration must be updated before running your application in production.

2024-02-07T15:17:59.384+05:30  INFO 5480 --- [main] o.s.s.web.DefaultSecurityFilterChain     : Will secure any request with [org.springframework.security.web.session.DisableEncodeUrlFilter@7aad7df5, org.springframework.security.web.context.request.async.WebAsyncManagerIntegrationFilter@7fd7085d, org.springframework.security.web.context.SecurityContextHolderFilter@6dcdc378, org.springframework.security.web.header.HeaderWriterFilter@7ffb0bb4, org.springframework.security.web.authentication.logout.LogoutFilter@949165f, org.springframework.security.web.authentication.UsernamePasswordAuthenticationFilter@f047670, org.springframework.security.web.authentication.ui.DefaultLoginPageGeneratingFilter@4a6d6308, org.springframework.security.web.authentication.ui.DefaultLogoutPageGeneratingFilter@69cc3370, org.springframework.security.web.savedrequest.RequestCacheAwareFilter@1a23136f, org.springframework.security.web.servletapi.SecurityContextHolderAwareRequestFilter@20724c21, org.springframework.security.web.authentication.AnonymousAuthenticationFilter@9120cb5, org.springframework.security.web.access.ExceptionTranslationFilter@24ae2183, org.springframework.security.web.access.intercept.AuthorizationFilter@761ea1f5]
2024-02-07T15:17:59.572+05:30  INFO 5480 --- [main] o.s.b.w.embedded.tomcat.TomcatWebServer  : Tomcat started on port(s): 8080 (http) with context path ''
2024-02-07T15:17:59.579+05:30  INFO 5480 --- [main] c.a.s.SpringSecurityApplication          : Started SpringSecurityApplication in 3.198 seconds (process running for 3.704)
2024-02-07T15:18:04.898+05:30  INFO 5480 --- [http-nio-8080-exec-2] o.a.c.c.C.[Tomcat].[localhost].[/]       : Initializing Spring DispatcherServlet 'dispatcherServlet'
2024-02-07T15:18:04.898+05:30  INFO 5480 --- [http-nio-8080-exec-2] o.s.web.servlet.DispatcherServlet        : Initializing Servlet 'dispatcherServlet'
2024-02-07T15:18:04.899+05:30  INFO 5480 --- [http-nio-8080-exec-2] o.s.web.servlet.DispatcherServlet        : Completed initialization in 1 ms
2024-02-07T15:18:04.951+05:30  WARN 5480 --- [http-nio-8080-exec-2] .w.s.m.s.DefaultHandlerExceptionResolver : Resolved [org.springframework.web.bind.MissingPathVariableException: Required URI template variable 'token' for method parameter type String is not present]
2024-02-07T15:19:43.136+05:30  INFO 5480 --- [RMI TCP Connection(5)-127.0.0.1] inMXBeanRegistrar$SpringApplicationAdmin : Application shutdown requested.
2024-02-07T15:19:43.146+05:30  INFO 5480 --- [RMI TCP Connection(5)-127.0.0.1] o.apache.catalina.core.StandardService   : Stopping service [Tomcat]
2024-02-07T15:19:43.147+05:30  INFO 5480 --- [RMI TCP Connection(5)-127.0.0.1] o.a.c.c.C.[Tomcat].[localhost].[/]       : Destroying Spring FrameworkServlet 'dispatcherServlet'
2024-02-07T15:19:43.153+05:30  INFO 5480 --- [RMI TCP Connection(5)-127.0.0.1] j.LocalContainerEntityManagerFactoryBean : Closing JPA EntityManagerFactory for persistence unit 'default'
2024-02-07T15:19:43.155+05:30  INFO 5480 --- [RMI TCP Connection(5)-127.0.0.1] com.zaxxer.hikari.HikariDataSource       : HikariPool-1 - Shutdown initiated...
2024-02-07T15:19:43.161+05:30  INFO 5480 --- [RMI TCP Connection(5)-127.0.0.1] com.zaxxer.hikari.HikariDataSource       : HikariPool-1 - Shutdown completed.
2024-02-07T15:19:46.642+05:30  INFO 16444 --- [main] c.a.s.SpringSecurityApplication          : Starting SpringSecurityApplication using Java 17.0.3 with PID 16444 (D:\MICROSERVICE_Project\spring-security\target\classes started by Murtaza in D:\MICROSERVICE_Project\spring-security)
2024-02-07T15:19:46.643+05:30  INFO 16444 --- [main] c.a.s.SpringSecurityApplication          : No active profile set, falling back to 1 default profile: "default"
2024-02-07T15:19:47.094+05:30  INFO 16444 --- [main] .s.d.r.c.RepositoryConfigurationDelegate : Bootstrapping Spring Data JPA repositories in DEFAULT mode.
2024-02-07T15:19:47.145+05:30  INFO 16444 --- [main] .s.d.r.c.RepositoryConfigurationDelegate : Finished Spring Data repository scanning in 45 ms. Found 2 JPA repository interfaces.
2024-02-07T15:19:47.540+05:30  INFO 16444 --- [main] o.s.b.w.embedded.tomcat.TomcatWebServer  : Tomcat initialized with port(s): 8080 (http)
2024-02-07T15:19:47.547+05:30  INFO 16444 --- [main] o.apache.catalina.core.StandardService   : Starting service [Tomcat]
2024-02-07T15:19:47.547+05:30  INFO 16444 --- [main] o.apache.catalina.core.StandardEngine    : Starting Servlet engine: [Apache Tomcat/10.1.18]
2024-02-07T15:19:47.627+05:30  INFO 16444 --- [main] o.a.c.c.C.[Tomcat].[localhost].[/]       : Initializing Spring embedded WebApplicationContext
2024-02-07T15:19:47.628+05:30  INFO 16444 --- [main] w.s.c.ServletWebServerApplicationContext : Root WebApplicationContext: initialization completed in 954 ms
2024-02-07T15:19:47.742+05:30  INFO 16444 --- [main] o.hibernate.jpa.internal.util.LogHelper  : HHH000204: Processing PersistenceUnitInfo [name: default]
2024-02-07T15:19:47.778+05:30  INFO 16444 --- [main] org.hibernate.Version                    : HHH000412: Hibernate ORM core version 6.2.20.Final
2024-02-07T15:19:47.780+05:30  INFO 16444 --- [main] org.hibernate.cfg.Environment            : HHH000406: Using bytecode reflection optimizer
2024-02-07T15:19:47.961+05:30  INFO 16444 --- [main] o.s.o.j.p.SpringPersistenceUnitInfo      : No LoadTimeWeaver setup: ignoring JPA class transformer
2024-02-07T15:19:47.983+05:30  INFO 16444 --- [main] com.zaxxer.hikari.HikariDataSource       : HikariPool-1 - Starting...
2024-02-07T15:19:48.286+05:30  INFO 16444 --- [main] com.zaxxer.hikari.pool.HikariPool        : HikariPool-1 - Added connection com.mysql.cj.jdbc.ConnectionImpl@4ec8d9b2
2024-02-07T15:19:48.288+05:30  INFO 16444 --- [main] com.zaxxer.hikari.HikariDataSource       : HikariPool-1 - Start completed.
2024-02-07T15:19:48.918+05:30  INFO 16444 --- [main] o.h.e.t.j.p.i.JtaPlatformInitiator       : HHH000489: No JTA platform available (set 'hibernate.transaction.jta.platform' to enable JTA platform integration)
2024-02-07T15:19:48.973+05:30  INFO 16444 --- [main] j.LocalContainerEntityManagerFactoryBean : Initialized JPA EntityManagerFactory for persistence unit 'default'
2024-02-07T15:19:49.239+05:30  WARN 16444 --- [main] JpaBaseConfiguration$JpaWebConfiguration : spring.jpa.open-in-view is enabled by default. Therefore, database queries may be performed during view rendering. Explicitly configure spring.jpa.open-in-view to disable this warning
2024-02-07T15:19:49.256+05:30  WARN 16444 --- [main] .s.s.UserDetailsServiceAutoConfiguration : 

Using generated security password: 968534e4-1213-4e43-b403-8bf55e4205ed

This generated password is for development use only. Your security configuration must be updated before running your application in production.

2024-02-07T15:19:49.463+05:30  INFO 16444 --- [main] o.s.s.web.DefaultSecurityFilterChain     : Will secure any request with [org.springframework.security.web.session.DisableEncodeUrlFilter@7aad7df5, org.springframework.security.web.context.request.async.WebAsyncManagerIntegrationFilter@7fd7085d, org.springframework.security.web.context.SecurityContextHolderFilter@6dcdc378, org.springframework.security.web.header.HeaderWriterFilter@7ffb0bb4, org.springframework.security.web.authentication.logout.LogoutFilter@949165f, org.springframework.security.web.authentication.UsernamePasswordAuthenticationFilter@f047670, org.springframework.security.web.authentication.ui.DefaultLoginPageGeneratingFilter@4a6d6308, org.springframework.security.web.authentication.ui.DefaultLogoutPageGeneratingFilter@69cc3370, org.springframework.security.web.savedrequest.RequestCacheAwareFilter@1a23136f, org.springframework.security.web.servletapi.SecurityContextHolderAwareRequestFilter@20724c21, org.springframework.security.web.authentication.AnonymousAuthenticationFilter@9120cb5, org.springframework.security.web.access.ExceptionTranslationFilter@24ae2183, org.springframework.security.web.access.intercept.AuthorizationFilter@761ea1f5]
2024-02-07T15:19:49.644+05:30  INFO 16444 --- [main] o.s.b.w.embedded.tomcat.TomcatWebServer  : Tomcat started on port(s): 8080 (http) with context path ''
2024-02-07T15:19:49.650+05:30  INFO 16444 --- [main] c.a.s.SpringSecurityApplication          : Started SpringSecurityApplication in 3.368 seconds (process running for 3.924)
2024-02-07T15:20:09.540+05:30  INFO 16444 --- [http-nio-8080-exec-2] o.a.c.c.C.[Tomcat].[localhost].[/]       : Initializing Spring DispatcherServlet 'dispatcherServlet'
2024-02-07T15:20:09.540+05:30  INFO 16444 --- [http-nio-8080-exec-2] o.s.web.servlet.DispatcherServlet        : Initializing Servlet 'dispatcherServlet'
2024-02-07T15:20:09.541+05:30  INFO 16444 --- [http-nio-8080-exec-2] o.s.web.servlet.DispatcherServlet        : Completed initialization in 1 ms
2024-02-07T15:21:41.333+05:30  INFO 16444 --- [RMI TCP Connection(5)-127.0.0.1] inMXBeanRegistrar$SpringApplicationAdmin : Application shutdown requested.
2024-02-07T15:21:41.344+05:30  INFO 16444 --- [RMI TCP Connection(5)-127.0.0.1] o.apache.catalina.core.StandardService   : Stopping service [Tomcat]
2024-02-07T15:21:41.345+05:30  INFO 16444 --- [RMI TCP Connection(5)-127.0.0.1] o.a.c.c.C.[Tomcat].[localhost].[/]       : Destroying Spring FrameworkServlet 'dispatcherServlet'
2024-02-07T15:21:41.351+05:30  INFO 16444 --- [RMI TCP Connection(5)-127.0.0.1] j.LocalContainerEntityManagerFactoryBean : Closing JPA EntityManagerFactory for persistence unit 'default'
2024-02-07T15:21:41.352+05:30  INFO 16444 --- [RMI TCP Connection(5)-127.0.0.1] com.zaxxer.hikari.HikariDataSource       : HikariPool-1 - Shutdown initiated...
2024-02-07T15:21:41.360+05:30  INFO 16444 --- [RMI TCP Connection(5)-127.0.0.1] com.zaxxer.hikari.HikariDataSource       : HikariPool-1 - Shutdown completed.
2024-02-07T15:21:43.327+05:30  INFO 13428 --- [main] c.a.s.SpringSecurityApplication          : Starting SpringSecurityApplication using Java 17.0.3 with PID 13428 (D:\MICROSERVICE_Project\spring-security\target\classes started by Murtaza in D:\MICROSERVICE_Project\spring-security)
2024-02-07T15:21:43.329+05:30  INFO 13428 --- [main] c.a.s.SpringSecurityApplication          : No active profile set, falling back to 1 default profile: "default"
2024-02-07T15:21:43.751+05:30  INFO 13428 --- [main] .s.d.r.c.RepositoryConfigurationDelegate : Bootstrapping Spring Data JPA repositories in DEFAULT mode.
2024-02-07T15:21:43.794+05:30  INFO 13428 --- [main] .s.d.r.c.RepositoryConfigurationDelegate : Finished Spring Data repository scanning in 37 ms. Found 2 JPA repository interfaces.
2024-02-07T15:21:44.182+05:30  INFO 13428 --- [main] o.s.b.w.embedded.tomcat.TomcatWebServer  : Tomcat initialized with port(s): 8080 (http)
2024-02-07T15:21:44.189+05:30  INFO 13428 --- [main] o.apache.catalina.core.StandardService   : Starting service [Tomcat]
2024-02-07T15:21:44.189+05:30  INFO 13428 --- [main] o.apache.catalina.core.StandardEngine    : Starting Servlet engine: [Apache Tomcat/10.1.18]
2024-02-07T15:21:44.262+05:30  INFO 13428 --- [main] o.a.c.c.C.[Tomcat].[localhost].[/]       : Initializing Spring embedded WebApplicationContext
2024-02-07T15:21:44.262+05:30  INFO 13428 --- [main] w.s.c.ServletWebServerApplicationContext : Root WebApplicationContext: initialization completed in 904 ms
2024-02-07T15:21:44.373+05:30  INFO 13428 --- [main] o.hibernate.jpa.internal.util.LogHelper  : HHH000204: Processing PersistenceUnitInfo [name: default]
2024-02-07T15:21:44.407+05:30  INFO 13428 --- [main] org.hibernate.Version                    : HHH000412: Hibernate ORM core version 6.2.20.Final
2024-02-07T15:21:44.409+05:30  INFO 13428 --- [main] org.hibernate.cfg.Environment            : HHH000406: Using bytecode reflection optimizer
2024-02-07T15:21:44.586+05:30  INFO 13428 --- [main] o.s.o.j.p.SpringPersistenceUnitInfo      : No LoadTimeWeaver setup: ignoring JPA class transformer
2024-02-07T15:21:44.604+05:30  INFO 13428 --- [main] com.zaxxer.hikari.HikariDataSource       : HikariPool-1 - Starting...
2024-02-07T15:21:44.838+05:30  INFO 13428 --- [main] com.zaxxer.hikari.pool.HikariPool        : HikariPool-1 - Added connection com.mysql.cj.jdbc.ConnectionImpl@4ec8d9b2
2024-02-07T15:21:44.840+05:30  INFO 13428 --- [main] com.zaxxer.hikari.HikariDataSource       : HikariPool-1 - Start completed.
2024-02-07T15:21:45.483+05:30  INFO 13428 --- [main] o.h.e.t.j.p.i.JtaPlatformInitiator       : HHH000489: No JTA platform available (set 'hibernate.transaction.jta.platform' to enable JTA platform integration)
2024-02-07T15:21:45.544+05:30  INFO 13428 --- [main] j.LocalContainerEntityManagerFactoryBean : Initialized JPA EntityManagerFactory for persistence unit 'default'
2024-02-07T15:21:45.804+05:30  WARN 13428 --- [main] JpaBaseConfiguration$JpaWebConfiguration : spring.jpa.open-in-view is enabled by default. Therefore, database queries may be performed during view rendering. Explicitly configure spring.jpa.open-in-view to disable this warning
2024-02-07T15:21:45.821+05:30  WARN 13428 --- [main] .s.s.UserDetailsServiceAutoConfiguration : 

Using generated security password: 10bc05cf-6f24-4119-a296-cd3584e88450

This generated password is for development use only. Your security configuration must be updated before running your application in production.

2024-02-07T15:21:46.046+05:30  INFO 13428 --- [main] o.s.s.web.DefaultSecurityFilterChain     : Will secure any request with [org.springframework.security.web.session.DisableEncodeUrlFilter@7fd7085d, org.springframework.security.web.context.request.async.WebAsyncManagerIntegrationFilter@69cc3370, org.springframework.security.web.context.SecurityContextHolderFilter@4accc3de, org.springframework.security.web.header.HeaderWriterFilter@280f061e, org.springframework.security.web.authentication.logout.LogoutFilter@47f677a4, org.springframework.security.web.authentication.UsernamePasswordAuthenticationFilter@7a91027c, org.springframework.security.web.authentication.ui.DefaultLoginPageGeneratingFilter@773cc551, org.springframework.security.web.authentication.ui.DefaultLogoutPageGeneratingFilter@9120cb5, org.springframework.security.web.savedrequest.RequestCacheAwareFilter@23a78d2e, org.springframework.security.web.servletapi.SecurityContextHolderAwareRequestFilter@c0cb9c2, org.springframework.security.web.authentication.AnonymousAuthenticationFilter@18419ab7, org.springframework.security.web.access.ExceptionTranslationFilter@5b697993, org.springframework.security.web.access.intercept.AuthorizationFilter@f047670]
2024-02-07T15:21:46.225+05:30  INFO 13428 --- [main] o.s.b.w.embedded.tomcat.TomcatWebServer  : Tomcat started on port(s): 8080 (http) with context path ''
2024-02-07T15:21:46.231+05:30  INFO 13428 --- [main] c.a.s.SpringSecurityApplication          : Started SpringSecurityApplication in 3.256 seconds (process running for 3.794)
2024-02-07T15:22:00.458+05:30  INFO 13428 --- [http-nio-8080-exec-1] o.a.c.c.C.[Tomcat].[localhost].[/]       : Initializing Spring DispatcherServlet 'dispatcherServlet'
2024-02-07T15:22:00.458+05:30  INFO 13428 --- [http-nio-8080-exec-1] o.s.web.servlet.DispatcherServlet        : Initializing Servlet 'dispatcherServlet'
2024-02-07T15:22:00.459+05:30  INFO 13428 --- [http-nio-8080-exec-1] o.s.web.servlet.DispatcherServlet        : Completed initialization in 1 ms
2024-02-07T15:24:02.648+05:30  INFO 14720 --- [main] c.a.s.SpringSecurityApplication          : Starting SpringSecurityApplication using Java 17.0.3 with PID 14720 (D:\MICROSERVICE_Project\spring-security\target\classes started by Murtaza in D:\MICROSERVICE_Project\spring-security)
2024-02-07T15:24:02.651+05:30  INFO 14720 --- [main] c.a.s.SpringSecurityApplication          : No active profile set, falling back to 1 default profile: "default"
2024-02-07T15:24:03.154+05:30  INFO 14720 --- [main] .s.d.r.c.RepositoryConfigurationDelegate : Bootstrapping Spring Data JPA repositories in DEFAULT mode.
2024-02-07T15:24:03.208+05:30  INFO 14720 --- [main] .s.d.r.c.RepositoryConfigurationDelegate : Finished Spring Data repository scanning in 47 ms. Found 2 JPA repository interfaces.
2024-02-07T15:24:03.690+05:30  INFO 14720 --- [main] o.s.b.w.embedded.tomcat.TomcatWebServer  : Tomcat initialized with port(s): 8080 (http)
2024-02-07T15:24:03.699+05:30  INFO 14720 --- [main] o.apache.catalina.core.StandardService   : Starting service [Tomcat]
2024-02-07T15:24:03.699+05:30  INFO 14720 --- [main] o.apache.catalina.core.StandardEngine    : Starting Servlet engine: [Apache Tomcat/10.1.18]
2024-02-07T15:24:03.777+05:30  INFO 14720 --- [main] o.a.c.c.C.[Tomcat].[localhost].[/]       : Initializing Spring embedded WebApplicationContext
2024-02-07T15:24:03.778+05:30  INFO 14720 --- [main] w.s.c.ServletWebServerApplicationContext : Root WebApplicationContext: initialization completed in 1082 ms
2024-02-07T15:24:03.913+05:30  INFO 14720 --- [main] o.hibernate.jpa.internal.util.LogHelper  : HHH000204: Processing PersistenceUnitInfo [name: default]
2024-02-07T15:24:03.968+05:30  INFO 14720 --- [main] org.hibernate.Version                    : HHH000412: Hibernate ORM core version 6.2.20.Final
2024-02-07T15:24:03.970+05:30  INFO 14720 --- [main] org.hibernate.cfg.Environment            : HHH000406: Using bytecode reflection optimizer
2024-02-07T15:24:04.223+05:30  INFO 14720 --- [main] o.s.o.j.p.SpringPersistenceUnitInfo      : No LoadTimeWeaver setup: ignoring JPA class transformer
2024-02-07T15:24:04.247+05:30  INFO 14720 --- [main] com.zaxxer.hikari.HikariDataSource       : HikariPool-1 - Starting...
2024-02-07T15:24:04.493+05:30  INFO 14720 --- [main] com.zaxxer.hikari.pool.HikariPool        : HikariPool-1 - Added connection com.mysql.cj.jdbc.ConnectionImpl@ccd000e
2024-02-07T15:24:04.495+05:30  INFO 14720 --- [main] com.zaxxer.hikari.HikariDataSource       : HikariPool-1 - Start completed.
2024-02-07T15:24:05.281+05:30  INFO 14720 --- [main] o.h.e.t.j.p.i.JtaPlatformInitiator       : HHH000489: No JTA platform available (set 'hibernate.transaction.jta.platform' to enable JTA platform integration)
2024-02-07T15:24:05.338+05:30  INFO 14720 --- [main] j.LocalContainerEntityManagerFactoryBean : Initialized JPA EntityManagerFactory for persistence unit 'default'
2024-02-07T15:24:05.626+05:30  WARN 14720 --- [main] JpaBaseConfiguration$JpaWebConfiguration : spring.jpa.open-in-view is enabled by default. Therefore, database queries may be performed during view rendering. Explicitly configure spring.jpa.open-in-view to disable this warning
2024-02-07T15:24:05.644+05:30  WARN 14720 --- [main] .s.s.UserDetailsServiceAutoConfiguration : 

Using generated security password: a07c0365-e0a2-4130-8969-577df9f76f26

This generated password is for development use only. Your security configuration must be updated before running your application in production.

2024-02-07T15:24:05.874+05:30  INFO 14720 --- [main] o.s.s.web.DefaultSecurityFilterChain     : Will secure any request with [org.springframework.security.web.session.DisableEncodeUrlFilter@63df2eb8, org.springframework.security.web.context.request.async.WebAsyncManagerIntegrationFilter@49c72fb7, org.springframework.security.web.context.SecurityContextHolderFilter@640028f2, org.springframework.security.web.header.HeaderWriterFilter@2ac0cb64, org.springframework.security.web.authentication.logout.LogoutFilter@14f254f, org.springframework.security.web.authentication.UsernamePasswordAuthenticationFilter@2e2546bf, org.springframework.security.web.authentication.ui.DefaultLoginPageGeneratingFilter@6f627a1a, org.springframework.security.web.authentication.ui.DefaultLogoutPageGeneratingFilter@565983f3, org.springframework.security.web.savedrequest.RequestCacheAwareFilter@2ef3efcc, org.springframework.security.web.servletapi.SecurityContextHolderAwareRequestFilter@5c7b504, org.springframework.security.web.authentication.AnonymousAuthenticationFilter@68024e57, org.springframework.security.web.access.ExceptionTranslationFilter@4193da4d, org.springframework.security.web.access.intercept.AuthorizationFilter@6421bc7e]
2024-02-07T15:24:06.070+05:30  WARN 14720 --- [main] ConfigServletWebServerApplicationContext : Exception encountered during context initialization - cancelling refresh attempt: org.springframework.context.ApplicationContextException: Failed to start bean 'webServerStartStop'
2024-02-07T15:24:06.071+05:30  INFO 14720 --- [main] j.LocalContainerEntityManagerFactoryBean : Closing JPA EntityManagerFactory for persistence unit 'default'
2024-02-07T15:24:06.073+05:30  INFO 14720 --- [main] com.zaxxer.hikari.HikariDataSource       : HikariPool-1 - Shutdown initiated...
2024-02-07T15:24:06.082+05:30  INFO 14720 --- [main] com.zaxxer.hikari.HikariDataSource       : HikariPool-1 - Shutdown completed.
2024-02-07T15:24:06.083+05:30  INFO 14720 --- [main] o.apache.catalina.core.StandardService   : Stopping service [Tomcat]
2024-02-07T15:24:06.096+05:30  INFO 14720 --- [main] .s.b.a.l.ConditionEvaluationReportLogger : 

Error starting ApplicationContext. To display the condition evaluation report re-run your application with 'debug' enabled.
2024-02-07T15:24:06.117+05:30 ERROR 14720 --- [main] o.s.b.d.LoggingFailureAnalysisReporter   : 

***************************
APPLICATION FAILED TO START
***************************

Description:

Web server failed to start. Port 8080 was already in use.

Action:

Identify and stop the process that's listening on port 8080 or configure this application to listen on another port.

2024-02-07T15:24:10.874+05:30  INFO 13428 --- [RMI TCP Connection(5)-127.0.0.1] inMXBeanRegistrar$SpringApplicationAdmin : Application shutdown requested.
2024-02-07T15:24:10.884+05:30  INFO 13428 --- [RMI TCP Connection(5)-127.0.0.1] o.apache.catalina.core.StandardService   : Stopping service [Tomcat]
2024-02-07T15:24:10.885+05:30  INFO 13428 --- [RMI TCP Connection(5)-127.0.0.1] o.a.c.c.C.[Tomcat].[localhost].[/]       : Destroying Spring FrameworkServlet 'dispatcherServlet'
2024-02-07T15:24:10.892+05:30  INFO 13428 --- [RMI TCP Connection(5)-127.0.0.1] j.LocalContainerEntityManagerFactoryBean : Closing JPA EntityManagerFactory for persistence unit 'default'
2024-02-07T15:24:10.894+05:30  INFO 13428 --- [RMI TCP Connection(5)-127.0.0.1] com.zaxxer.hikari.HikariDataSource       : HikariPool-1 - Shutdown initiated...
2024-02-07T15:24:10.901+05:30  INFO 13428 --- [RMI TCP Connection(5)-127.0.0.1] com.zaxxer.hikari.HikariDataSource       : HikariPool-1 - Shutdown completed.
